Build started 9/04/2013 10:48:46 PM.
     1>Project "C:\Users\Chris\Desktop\Voxel - Copy\Voxel\Voxel.vcxproj" on node 2 (build target(s)).
     1>InitializeBuildStatus:
         Creating "Debug\Voxel.unsuccessfulbuild" because "AlwaysCreate" was specified.
       ClCompile:
         C:\Program Files (x86)\Microsoft Visual Studio 10.0\VC\bin\CL.exe /c /ZI /nologo /W3 /WX- /Od /Oy- /D WIN32 /D _DEBUG /D _CONSOLE /D _UNICODE /D UNICODE /Gm /EHsc /RTC1 /MDd /GS /fp:precise /Zc:wchar_t /Zc:forScope /Fo"Debug\\" /Fd"Debug\vc100.pdb" /Gd /TP /analyze- /errorReport:prompt Chunk.cpp
         Chunk.cpp
     1>c:\users\chris\desktop\voxel - copy\voxel\chunk.cpp(114): warning C4018: '<' : signed/unsigned mismatch
     1>c:\users\chris\desktop\voxel - copy\voxel\chunk.cpp(116): warning C4018: '<' : signed/unsigned mismatch
     1>c:\users\chris\desktop\voxel - copy\voxel\chunk.cpp(118): warning C4018: '<' : signed/unsigned mismatch
     1>c:\users\chris\desktop\voxel - copy\voxel\chunk.cpp(125): warning C4244: 'argument' : conversion from 'unsigned int' to 'float', possible loss of data
     1>c:\users\chris\desktop\voxel - copy\voxel\chunk.cpp(125): warning C4244: 'argument' : conversion from 'unsigned int' to 'float', possible loss of data
     1>c:\users\chris\desktop\voxel - copy\voxel\chunk.cpp(125): warning C4244: 'argument' : conversion from 'unsigned int' to 'float', possible loss of data
       ManifestResourceCompile:
         All outputs are up-to-date.
       Link:
         C:\Program Files (x86)\Microsoft Visual Studio 10.0\VC\bin\link.exe /ERRORREPORT:PROMPT /OUT:"C:\Users\Chris\Desktop\Voxel - Copy\Debug\Voxel.exe" /INCREMENTAL /NOLOGO glew32.lib glew32s.lib glu32.lib opengl32.lib SDL.lib SDLmain.lib kernel32.lib user32.lib gdi32.lib winspool.lib comdlg32.lib advapi32.lib shell32.lib ole32.lib oleaut32.lib uuid.lib odbc32.lib odbccp32.lib kernel32.lib user32.lib gdi32.lib winspool.lib comdlg32.lib advapi32.lib shell32.lib ole32.lib oleaut32.lib uuid.lib odbc32.lib odbccp32.lib /MANIFEST /ManifestFile:"Debug\Voxel.exe.intermediate.manifest" /MANIFESTUAC:"level='asInvoker' uiAccess='false'" /DEBUG /PDB:"C:\Users\Chris\Desktop\Voxel - Copy\Debug\Voxel.pdb" /SUBSYSTEM:CONSOLE /TLBID:1 /DYNAMICBASE /NXCOMPAT /IMPLIB:"C:\Users\Chris\Desktop\Voxel - Copy\Debug\Voxel.lib" /MACHINE:X86 Debug\Voxel.exe.embed.manifest.res
         Debug\Block.obj
         Debug\Camera.obj
         Debug\Chunk.obj
         Debug\ChunkManager.obj
         Debug\Engine.obj
         Debug\main.obj
         Debug\ModelData.obj
         Debug\Octree.obj
         Debug\TextureAtlas.obj
         Debug\TGALoader.obj
       Manifest:
         C:\Program Files (x86)\Microsoft SDKs\Windows\v7.0A\bin\mt.exe /nologo /verbose /out:"Debug\Voxel.exe.embed.manifest" /manifest Debug\Voxel.exe.intermediate.manifest
         All outputs are up-to-date.
       LinkEmbedManifest:
         All outputs are up-to-date.
         Voxel.vcxproj -> C:\Users\Chris\Desktop\Voxel - Copy\Debug\Voxel.exe
       FinalizeBuildStatus:
         Deleting file "Debug\Voxel.unsuccessfulbuild".
         Touching "Debug\Voxel.lastbuildstate".
     1>Done Building Project "C:\Users\Chris\Desktop\Voxel - Copy\Voxel\Voxel.vcxproj" (build target(s)).

Build succeeded.

Time Elapsed 00:00:01.16
