C:\USERS\CHRIS\DESKTOP\VOXEL - COPY\DEBUG\VOXEL.EXE
C:\USERS\CHRIS\DESKTOP\VOXEL - COPY\DEBUG\VOXEL.ILK
C:\USERS\CHRIS\DESKTOP\VOXEL - COPY\DEBUG\VOXEL.PDB
C:\USERS\CHRIS\DESKTOP\VOXEL - COPY\VOXEL\DEBUG\BLOCK.OBJ
C:\USERS\CHRIS\DESKTOP\VOXEL - COPY\VOXEL\DEBUG\CAMERA.OBJ
C:\USERS\CHRIS\DESKTOP\VOXEL - COPY\VOXEL\DEBUG\CHUNK.OBJ
C:\USERS\CHRIS\DESKTOP\VOXEL - COPY\VOXEL\DEBUG\CHUNKMANAGER.OBJ
C:\Users\Chris\Desktop\Voxel - Copy\Voxel\Debug\cl.command.1.tlog
C:\Users\Chris\Desktop\Voxel - Copy\Voxel\Debug\CL.read.1.tlog
C:\Users\Chris\Desktop\Voxel - Copy\Voxel\Debug\CL.write.1.tlog
C:\USERS\CHRIS\DESKTOP\VOXEL - COPY\VOXEL\DEBUG\ENGINE.OBJ
C:\Users\Chris\Desktop\Voxel - Copy\Voxel\Debug\link.4804.read.1.tlog
C:\Users\Chris\Desktop\Voxel - Copy\Voxel\Debug\link.4804.write.1.tlog
C:\Users\Chris\Desktop\Voxel - Copy\Voxel\Debug\link.4804-cvtres.read.1.tlog
C:\Users\Chris\Desktop\Voxel - Copy\Voxel\Debug\link.4804-cvtres.write.1.tlog
C:\Users\Chris\Desktop\Voxel - Copy\Voxel\Debug\link.command.1.tlog
C:\Users\Chris\Desktop\Voxel - Copy\Voxel\Debug\link.read.1.tlog
C:\Users\Chris\Desktop\Voxel - Copy\Voxel\Debug\link.write.1.tlog
C:\Users\Chris\Desktop\Voxel - Copy\Voxel\Debug\link-cvtres.read.1.tlog
C:\Users\Chris\Desktop\Voxel - Copy\Voxel\Debug\link-cvtres.write.1.tlog
C:\USERS\CHRIS\DESKTOP\VOXEL - COPY\VOXEL\DEBUG\MAIN.OBJ
C:\USERS\CHRIS\DESKTOP\VOXEL - COPY\VOXEL\DEBUG\MODELDATA.OBJ
C:\Users\Chris\Desktop\Voxel - Copy\Voxel\Debug\mt.command.1.tlog
C:\Users\Chris\Desktop\Voxel - Copy\Voxel\Debug\mt.read.1.tlog
C:\Users\Chris\Desktop\Voxel - Copy\Voxel\Debug\mt.write.1.tlog
C:\USERS\CHRIS\DESKTOP\VOXEL - COPY\VOXEL\DEBUG\OCTREE.OBJ
C:\Users\Chris\Desktop\Voxel - Copy\Voxel\Debug\rc.command.1.tlog
C:\Users\Chris\Desktop\Voxel - Copy\Voxel\Debug\rc.read.1.tlog
C:\Users\Chris\Desktop\Voxel - Copy\Voxel\Debug\rc.write.1.tlog
C:\USERS\CHRIS\DESKTOP\VOXEL - COPY\VOXEL\DEBUG\TEXTUREATLAS.OBJ
C:\USERS\CHRIS\DESKTOP\VOXEL - COPY\VOXEL\DEBUG\TGALOADER.OBJ
C:\Users\Chris\Desktop\Voxel - Copy\Voxel\Debug\vc100.idb
C:\USERS\CHRIS\DESKTOP\VOXEL - COPY\VOXEL\DEBUG\VC100.PDB
C:\USERS\CHRIS\DESKTOP\VOXEL - COPY\VOXEL\DEBUG\VOXEL.EXE.EMBED.MANIFEST
C:\USERS\CHRIS\DESKTOP\VOXEL - COPY\VOXEL\DEBUG\VOXEL.EXE.EMBED.MANIFEST.RES
C:\USERS\CHRIS\DESKTOP\VOXEL - COPY\VOXEL\DEBUG\VOXEL.EXE.INTERMEDIATE.MANIFEST
C:\Users\Chris\Desktop\Voxel - Copy\Voxel\Debug\Voxel_manifest.rc
