Build started 15/03/2013 11:49:13 PM.
     1>Project "C:\Users\Chris\Desktop\Voxel\Voxel\Voxel.vcxproj" on node 2 (build target(s)).
     1>PrepareForBuild:
         Creating directory "C:\Users\Chris\Desktop\Voxel\Release\".
       InitializeBuildStatus:
         Creating "Release\Voxel.unsuccessfulbuild" because "AlwaysCreate" was specified.
       ClCompile:
         C:\Program Files (x86)\Microsoft Visual Studio 10.0\VC\bin\CL.exe /c /Zi /nologo /W3 /WX- /O2 /Oi /Oy- /GL /D WIN32 /D NDEBUG /D _CONSOLE /D _UNICODE /D UNICODE /Gm- /EHsc /MD /GS /Gy /fp:precise /Zc:wchar_t /Zc:forScope /Fo"Release\\" /Fd"Release\vc100.pdb" /Gd /TP /analyze- /errorReport:prompt Block.cpp Camera.cpp Chunk.cpp Engine.cpp main.cpp ModelData.cpp
         Block.cpp
         Camera.cpp
         Chunk.cpp
     1>Chunk.cpp(36): warning C4244: 'argument' : conversion from 'int' to 'float', possible loss of data
     1>Chunk.cpp(36): warning C4244: 'argument' : conversion from 'int' to 'float', possible loss of data
     1>Chunk.cpp(36): warning C4244: 'argument' : conversion from 'int' to 'float', possible loss of data
         Engine.cpp
         main.cpp
         ModelData.cpp
       Link:
         C:\Program Files (x86)\Microsoft Visual Studio 10.0\VC\bin\link.exe /ERRORREPORT:PROMPT /OUT:"C:\Users\Chris\Desktop\Voxel\Release\Voxel.exe" /INCREMENTAL:NO /NOLOGO kernel32.lib user32.lib gdi32.lib winspool.lib comdlg32.lib advapi32.lib shell32.lib ole32.lib oleaut32.lib uuid.lib odbc32.lib odbccp32.lib /MANIFEST /ManifestFile:"Release\Voxel.exe.intermediate.manifest" /MANIFESTUAC:"level='asInvoker' uiAccess='false'" /DEBUG /PDB:"C:\Users\Chris\Desktop\Voxel\Release\Voxel.pdb" /SUBSYSTEM:CONSOLE /OPT:REF /OPT:ICF /LTCG /TLBID:1 /DYNAMICBASE /NXCOMPAT /IMPLIB:"C:\Users\Chris\Desktop\Voxel\Release\Voxel.lib" /MACHINE:X86 Release\Block.obj
         Release\Camera.obj
         Release\Chunk.obj
         Release\Engine.obj
         Release\main.obj
         Release\ModelData.obj
     1>Block.obj : error LNK2001: unresolved external symbol __imp__glEnd@0
     1>Block.obj : error LNK2001: unresolved external symbol __imp__glNormal3f@12
     1>Block.obj : error LNK2001: unresolved external symbol __imp__glBegin@4
     1>Block.obj : error LNK2001: unresolved external symbol __imp__glVertex3f@12
     1>Chunk.obj : error LNK2001: unresolved external symbol __imp____glewBindBuffer
     1>Chunk.obj : error LNK2001: unresolved external symbol __imp__glEnableClientState@4
     1>Chunk.obj : error LNK2001: unresolved external symbol __imp__glDrawElements@16
     1>Chunk.obj : error LNK2001: unresolved external symbol __imp__glewInit@0
     1>Chunk.obj : error LNK2001: unresolved external symbol __imp____glewBufferData
     1>Chunk.obj : error LNK2001: unresolved external symbol __imp__glDisableClientState@4
     1>Chunk.obj : error LNK2001: unresolved external symbol __imp____glewGenBuffers
     1>Chunk.obj : error LNK2001: unresolved external symbol __imp__glVertexPointer@16
     1>Engine.obj : error LNK2001: unresolved external symbol _SDL_WarpMouse
     1>Engine.obj : error LNK2001: unresolved external symbol __imp__glClear@4
     1>Engine.obj : error LNK2001: unresolved external symbol __imp__glClearColor@16
     1>Engine.obj : error LNK2001: unresolved external symbol _SDL_Init
     1>Engine.obj : error LNK2001: unresolved external symbol _SDL_SetVideoMode
     1>Engine.obj : error LNK2001: unresolved external symbol _SDL_GL_SwapBuffers
     1>Engine.obj : error LNK2001: unresolved external symbol _gluPerspective@32
     1>Engine.obj : error LNK2001: unresolved external symbol _SDL_PollEvent
     1>Engine.obj : error LNK2001: unresolved external symbol _SDL_ShowCursor
     1>Engine.obj : error LNK2001: unresolved external symbol __imp__glDisable@4
     1>Engine.obj : error LNK2001: unresolved external symbol __imp__glLoadMatrixf@4
     1>Engine.obj : error LNK2001: unresolved external symbol __imp__glMatrixMode@4
     1>Engine.obj : error LNK2001: unresolved external symbol _SDL_GetTicks
     1>Engine.obj : error LNK2001: unresolved external symbol _SDL_EnableKeyRepeat
     1>Engine.obj : error LNK2001: unresolved external symbol __imp__glLoadIdentity@0
     1>Engine.obj : error LNK2001: unresolved external symbol _SDL_Quit
     1>MSVCRT.lib(crtexe.obj) : error LNK2001: unresolved external symbol _main
     1>C:\Users\Chris\Desktop\Voxel\Release\Voxel.exe : fatal error LNK1120: 29 unresolved externals
     1>Done Building Project "C:\Users\Chris\Desktop\Voxel\Voxel\Voxel.vcxproj" (build target(s)) -- FAILED.

Build FAILED.

Time Elapsed 00:00:02.58
